\BOOKMARK [0][-]{chapter.1}{\376\377\000N\000a\000m\000e\000s\000p\000a\000c\000e\000\040\000I\000n\000d\000e\000x}{}
\BOOKMARK [1][-]{section.1.1}{\376\377\000N\000a\000m\000e\000s\000p\000a\000c\000e\000\040\000L\000i\000s\000t}{chapter.1}
\BOOKMARK [0][-]{chapter.2}{\376\377\000C\000l\000a\000s\000s\000\040\000I\000n\000d\000e\000x}{}
\BOOKMARK [1][-]{section.2.1}{\376\377\000C\000l\000a\000s\000s\000\040\000H\000i\000e\000r\000a\000r\000c\000h\000y}{chapter.2}
\BOOKMARK [0][-]{chapter.3}{\376\377\000C\000l\000a\000s\000s\000\040\000I\000n\000d\000e\000x}{}
\BOOKMARK [1][-]{section.3.1}{\376\377\000C\000l\000a\000s\000s\000\040\000L\000i\000s\000t}{chapter.3}
\BOOKMARK [0][-]{chapter.4}{\376\377\000F\000i\000l\000e\000\040\000I\000n\000d\000e\000x}{}
\BOOKMARK [1][-]{section.4.1}{\376\377\000F\000i\000l\000e\000\040\000L\000i\000s\000t}{chapter.4}
\BOOKMARK [0][-]{chapter.5}{\376\377\000N\000a\000m\000e\000s\000p\000a\000c\000e\000\040\000D\000o\000c\000u\000m\000e\000n\000t\000a\000t\000i\000o\000n}{}
\BOOKMARK [1][-]{section.5.1}{\376\377\000s\000f\000g\000u\000i\000\040\000N\000a\000m\000e\000s\000p\000a\000c\000e\000\040\000R\000e\000f\000e\000r\000e\000n\000c\000e}{chapter.5}
\BOOKMARK [2][-]{subsection.5.1.1}{\376\377\000D\000e\000t\000a\000i\000l\000e\000d\000\040\000D\000e\000s\000c\000r\000i\000p\000t\000i\000o\000n}{section.5.1}
\BOOKMARK [2][-]{subsection.5.1.2}{\376\377\000E\000n\000u\000m\000e\000r\000a\000t\000i\000o\000n\000\040\000T\000y\000p\000e\000\040\000D\000o\000c\000u\000m\000e\000n\000t\000a\000t\000i\000o\000n}{section.5.1}
\BOOKMARK [3][-]{subsubsection.5.1.2.1}{\376\377\000"\000@\0000}{subsection.5.1.2}
\BOOKMARK [0][-]{chapter.6}{\376\377\000C\000l\000a\000s\000s\000\040\000D\000o\000c\000u\000m\000e\000n\000t\000a\000t\000i\000o\000n}{}
\BOOKMARK [1][-]{section.6.1}{\376\377\000s\000f\000g\000u\000i\000:\000:\000B\000u\000t\000t\000o\000n\000\040\000C\000l\000a\000s\000s\000\040\000R\000e\000f\000e\000r\000e\000n\000c\000e}{chapter.6}
\BOOKMARK [2][-]{subsection.6.1.1}{\376\377\000D\000e\000t\000a\000i\000l\000e\000d\000\040\000D\000e\000s\000c\000r\000i\000p\000t\000i\000o\000n}{section.6.1}
\BOOKMARK [2][-]{subsection.6.1.2}{\376\377\000C\000o\000n\000s\000t\000r\000u\000c\000t\000o\000r\000\040\000\046\000\040\000D\000e\000s\000t\000r\000u\000c\000t\000o\000r\000\040\000D\000o\000c\000u\000m\000e\000n\000t\000a\000t\000i\000o\000n}{section.6.1}
\BOOKMARK [3][-]{subsubsection.6.1.2.1}{\376\377\000B\000u\000t\000t\000o\000n}{subsection.6.1.2}
\BOOKMARK [3][-]{subsubsection.6.1.2.2}{\376\377\000B\000u\000t\000t\000o\000n}{subsection.6.1.2}
\BOOKMARK [2][-]{subsection.6.1.3}{\376\377\000M\000e\000m\000b\000e\000r\000\040\000F\000u\000n\000c\000t\000i\000o\000n\000\040\000D\000o\000c\000u\000m\000e\000n\000t\000a\000t\000i\000o\000n}{section.6.1}
\BOOKMARK [3][-]{subsubsection.6.1.3.1}{\376\377\000u\000p\000d\000a\000t\000e\000T\000e\000x\000t\000P\000o\000s}{subsection.6.1.3}
\BOOKMARK [3][-]{subsubsection.6.1.3.2}{\376\377\000g\000e\000t\000T\000e\000x\000t}{subsection.6.1.3}
\BOOKMARK [3][-]{subsubsection.6.1.3.3}{\376\377\000S\000e\000t\000T\000e\000x\000t}{subsection.6.1.3}
\BOOKMARK [3][-]{subsubsection.6.1.3.4}{\376\377\000G\000e\000t\000T\000e\000x\000t}{subsection.6.1.3}
\BOOKMARK [3][-]{subsubsection.6.1.3.5}{\376\377\000S\000e\000t\000T\000e\000x\000t\000C\000o\000l\000o\000r}{subsection.6.1.3}
\BOOKMARK [3][-]{subsubsection.6.1.3.6}{\376\377\000G\000e\000t\000T\000e\000x\000t\000C\000o\000l\000o\000r}{subsection.6.1.3}
\BOOKMARK [3][-]{subsubsection.6.1.3.7}{\376\377\000S\000e\000t\000T\000e\000x\000t\000S\000i\000z\000e}{subsection.6.1.3}
\BOOKMARK [3][-]{subsubsection.6.1.3.8}{\376\377\000G\000e\000t\000T\000e\000x\000t\000S\000i\000z\000e}{subsection.6.1.3}
\BOOKMARK [3][-]{subsubsection.6.1.3.9}{\376\377\000S\000e\000t\000T\000e\000x\000t\000F\000o\000n\000t}{subsection.6.1.3}
\BOOKMARK [3][-]{subsubsection.6.1.3.10}{\376\377\000G\000e\000t\000T\000e\000x\000t\000F\000o\000n\000t}{subsection.6.1.3}
\BOOKMARK [3][-]{subsubsection.6.1.3.11}{\376\377\000S\000e\000t\000T\000e\000x\000t\000A\000l\000i\000g\000n\000m\000e\000n\000t}{subsection.6.1.3}
\BOOKMARK [3][-]{subsubsection.6.1.3.12}{\376\377\000S\000e\000t\000T\000e\000x\000t\000M\000a\000r\000g\000i\000n}{subsection.6.1.3}
\BOOKMARK [3][-]{subsubsection.6.1.3.13}{\376\377\000S\000e\000t\000T\000e\000x\000t\000L\000e\000f\000t\000M\000a\000r\000g\000i\000n}{subsection.6.1.3}
\BOOKMARK [3][-]{subsubsection.6.1.3.14}{\376\377\000S\000e\000t\000T\000e\000x\000t\000R\000i\000g\000h\000t\000M\000a\000r\000g\000i\000n}{subsection.6.1.3}
\BOOKMARK [3][-]{subsubsection.6.1.3.15}{\376\377\000S\000e\000t\000T\000e\000x\000t\000T\000o\000p\000M\000a\000r\000g\000i\000n}{subsection.6.1.3}
\BOOKMARK [3][-]{subsubsection.6.1.3.16}{\376\377\000S\000e\000t\000T\000e\000x\000t\000B\000o\000t\000t\000o\000m\000M\000a\000r\000g\000i\000n}{subsection.6.1.3}
\BOOKMARK [3][-]{subsubsection.6.1.3.17}{\376\377\000S\000e\000t\000P\000o\000s\000i\000t\000i\000o\000n}{subsection.6.1.3}
\BOOKMARK [3][-]{subsubsection.6.1.3.18}{\376\377\000M\000o\000v\000e}{subsection.6.1.3}
\BOOKMARK [3][-]{subsubsection.6.1.3.19}{\376\377\000S\000h\000o\000w}{subsection.6.1.3}
\BOOKMARK [2][-]{subsection.6.1.4}{\376\377\000M\000e\000m\000b\000e\000r\000\040\000D\000a\000t\000a\000\040\000D\000o\000c\000u\000m\000e\000n\000t\000a\000t\000i\000o\000n}{section.6.1}
\BOOKMARK [3][-]{subsubsection.6.1.4.1}{\376\377\000m\000\137\000t\000e\000x\000t}{subsection.6.1.4}
\BOOKMARK [3][-]{subsubsection.6.1.4.2}{\376\377\000m\000\137\000t\000e\000x\000t\000A\000l\000i\000g\000n\000m\000e\000n\000t}{subsection.6.1.4}
\BOOKMARK [3][-]{subsubsection.6.1.4.3}{\376\377\000m\000\137\000m\000a\000r\000g\000i\000n}{subsection.6.1.4}
\BOOKMARK [1][-]{section.6.2}{\376\377\000s\000f\000g\000u\000i\000:\000:\000M\000a\000r\000g\000i\000n\000\040\000S\000t\000r\000u\000c\000t\000\040\000R\000e\000f\000e\000r\000e\000n\000c\000e}{chapter.6}
\BOOKMARK [2][-]{subsection.6.2.1}{\376\377\000D\000e\000t\000a\000i\000l\000e\000d\000\040\000D\000e\000s\000c\000r\000i\000p\000t\000i\000o\000n}{section.6.2}
\BOOKMARK [2][-]{subsection.6.2.2}{\376\377\000M\000e\000m\000b\000e\000r\000\040\000F\000u\000n\000c\000t\000i\000o\000n\000\040\000D\000o\000c\000u\000m\000e\000n\000t\000a\000t\000i\000o\000n}{section.6.2}
\BOOKMARK [3][-]{subsubsection.6.2.2.1}{\376\377\000S\000e\000t\000M\000a\000r\000g\000i\000n}{subsection.6.2.2}
\BOOKMARK [2][-]{subsection.6.2.3}{\376\377\000M\000e\000m\000b\000e\000r\000\040\000D\000a\000t\000a\000\040\000D\000o\000c\000u\000m\000e\000n\000t\000a\000t\000i\000o\000n}{section.6.2}
\BOOKMARK [3][-]{subsubsection.6.2.3.1}{\376\377\000L\000e\000f\000t}{subsection.6.2.3}
\BOOKMARK [3][-]{subsubsection.6.2.3.2}{\376\377\000R\000i\000g\000h\000t}{subsection.6.2.3}
\BOOKMARK [3][-]{subsubsection.6.2.3.3}{\376\377\000T\000o\000p}{subsection.6.2.3}
\BOOKMARK [3][-]{subsubsection.6.2.3.4}{\376\377\000B\000o\000t\000t\000o\000m}{subsection.6.2.3}
\BOOKMARK [1][-]{section.6.3}{\376\377\000s\000f\000g\000u\000i\000:\000:\000O\000b\000j\000e\000c\000t\000\040\000C\000l\000a\000s\000s\000\040\000R\000e\000f\000e\000r\000e\000n\000c\000e}{chapter.6}
\BOOKMARK [2][-]{subsection.6.3.1}{\376\377\000D\000e\000t\000a\000i\000l\000e\000d\000\040\000D\000e\000s\000c\000r\000i\000p\000t\000i\000o\000n}{section.6.3}
\BOOKMARK [2][-]{subsection.6.3.2}{\376\377\000C\000o\000n\000s\000t\000r\000u\000c\000t\000o\000r\000\040\000\046\000\040\000D\000e\000s\000t\000r\000u\000c\000t\000o\000r\000\040\000D\000o\000c\000u\000m\000e\000n\000t\000a\000t\000i\000o\000n}{section.6.3}
\BOOKMARK [3][-]{subsubsection.6.3.2.1}{\376\377\000O\000b\000j\000e\000c\000t}{subsection.6.3.2}
\BOOKMARK [3][-]{subsubsection.6.3.2.2}{\376\377\000O\000b\000j\000e\000c\000t}{subsection.6.3.2}
\BOOKMARK [2][-]{subsection.6.3.3}{\376\377\000M\000e\000m\000b\000e\000r\000\040\000F\000u\000n\000c\000t\000i\000o\000n\000\040\000D\000o\000c\000u\000m\000e\000n\000t\000a\000t\000i\000o\000n}{section.6.3}
\BOOKMARK [3][-]{subsubsection.6.3.3.1}{\376\377\000S\000e\000t\000B\000a\000c\000k\000g\000r\000o\000u\000n\000d}{subsection.6.3.3}
\BOOKMARK [3][-]{subsubsection.6.3.3.2}{\376\377\000S\000e\000t\000B\000a\000c\000k\000g\000r\000o\000u\000n\000d}{subsection.6.3.3}
\BOOKMARK [3][-]{subsubsection.6.3.3.3}{\376\377\000S\000e\000t\000B\000a\000c\000k\000g\000r\000o\000u\000n\000d}{subsection.6.3.3}
\BOOKMARK [3][-]{subsubsection.6.3.3.4}{\376\377\000S\000e\000t\000B\000a\000c\000k\000g\000r\000o\000u\000n\000d}{subsection.6.3.3}
\BOOKMARK [3][-]{subsubsection.6.3.3.5}{\376\377\000C\000h\000e\000c\000k\000E\000v\000e\000n\000t}{subsection.6.3.3}
\BOOKMARK [3][-]{subsubsection.6.3.3.6}{\376\377\000S\000e\000t\000C\000l\000i\000c\000k\000C\000a\000l\000l\000b\000a\000c\000k}{subsection.6.3.3}
\BOOKMARK [3][-]{subsubsection.6.3.3.7}{\376\377\000S\000e\000t\000M\000o\000u\000s\000e\000H\000o\000v\000e\000r\000C\000a\000l\000l\000b\000a\000c\000k}{subsection.6.3.3}
\BOOKMARK [3][-]{subsubsection.6.3.3.8}{\376\377\000M\000a\000n\000a\000g\000e\000M\000o\000u\000s\000e}{subsection.6.3.3}
\BOOKMARK [3][-]{subsubsection.6.3.3.9}{\376\377\000C\000l\000i\000c\000k\000e\000d}{subsection.6.3.3}
\BOOKMARK [3][-]{subsubsection.6.3.3.10}{\376\377\000M\000o\000u\000s\000e\000H\000o\000v\000e\000r}{subsection.6.3.3}
\BOOKMARK [2][-]{subsection.6.3.4}{\376\377\000M\000e\000m\000b\000e\000r\000\040\000D\000a\000t\000a\000\040\000D\000o\000c\000u\000m\000e\000n\000t\000a\000t\000i\000o\000n}{section.6.3}
\BOOKMARK [3][-]{subsubsection.6.3.4.1}{\376\377\000m\000\137\000c\000l\000i\000c\000k\000C\000a\000l\000l\000b\000a\000c\000k}{subsection.6.3.4}
\BOOKMARK [3][-]{subsubsection.6.3.4.2}{\376\377\000m\000\137\000m\000o\000u\000s\000e\000H\000o\000v\000e\000r\000C\000a\000l\000l\000b\000a\000c\000k}{subsection.6.3.4}
\BOOKMARK [3][-]{subsubsection.6.3.4.3}{\376\377\000m\000\137\000p\000a\000r\000e\000n\000t\000R\000e\000n\000d\000e\000r\000W\000i\000n\000d\000o\000w}{subsection.6.3.4}
\BOOKMARK [3][-]{subsubsection.6.3.4.4}{\376\377\000m\000\137\000B\000a\000c\000k\000g\000r\000o\000u\000n\000d\000I\000m\000g}{subsection.6.3.4}
\BOOKMARK [3][-]{subsubsection.6.3.4.5}{\376\377\000m\000\137\000E\000v\000e\000n\000t}{subsection.6.3.4}
\BOOKMARK [1][-]{section.6.4}{\376\377\000s\000f\000g\000u\000i\000:\000:\000T\000e\000x\000t\000E\000d\000i\000t\000\040\000C\000l\000a\000s\000s\000\040\000R\000e\000f\000e\000r\000e\000n\000c\000e}{chapter.6}
\BOOKMARK [2][-]{subsection.6.4.1}{\376\377\000D\000e\000t\000a\000i\000l\000e\000d\000\040\000D\000e\000s\000c\000r\000i\000p\000t\000i\000o\000n}{section.6.4}
\BOOKMARK [2][-]{subsection.6.4.2}{\376\377\000C\000o\000n\000s\000t\000r\000u\000c\000t\000o\000r\000\040\000\046\000\040\000D\000e\000s\000t\000r\000u\000c\000t\000o\000r\000\040\000D\000o\000c\000u\000m\000e\000n\000t\000a\000t\000i\000o\000n}{section.6.4}
\BOOKMARK [3][-]{subsubsection.6.4.2.1}{\376\377\000T\000e\000x\000t\000E\000d\000i\000t}{subsection.6.4.2}
\BOOKMARK [2][-]{subsection.6.4.3}{\376\377\000M\000e\000m\000b\000e\000r\000\040\000F\000u\000n\000c\000t\000i\000o\000n\000\040\000D\000o\000c\000u\000m\000e\000n\000t\000a\000t\000i\000o\000n}{section.6.4}
\BOOKMARK [3][-]{subsubsection.6.4.3.1}{\376\377\000t\000e\000x\000t\000C\000h\000a\000n\000g\000e\000d}{subsection.6.4.3}
\BOOKMARK [3][-]{subsubsection.6.4.3.2}{\376\377\000d\000e\000a\000c\000t\000i\000v\000a\000t\000e\000d}{subsection.6.4.3}
\BOOKMARK [3][-]{subsubsection.6.4.3.3}{\376\377\000a\000c\000t\000i\000v\000a\000t\000e\000d}{subsection.6.4.3}
\BOOKMARK [3][-]{subsubsection.6.4.3.4}{\376\377\000S\000e\000t\000T\000e\000x\000t}{subsection.6.4.3}
\BOOKMARK [3][-]{subsubsection.6.4.3.5}{\376\377\000A\000d\000d\000C\000h\000a\000r}{subsection.6.4.3}
\BOOKMARK [3][-]{subsubsection.6.4.3.6}{\376\377\000D\000e\000l\000C\000h\000a\000r}{subsection.6.4.3}
\BOOKMARK [3][-]{subsubsection.6.4.3.7}{\376\377\000A\000c\000t\000i\000v\000a\000t\000e}{subsection.6.4.3}
\BOOKMARK [3][-]{subsubsection.6.4.3.8}{\376\377\000D\000e\000a\000c\000t\000i\000v\000a\000t\000e}{subsection.6.4.3}
\BOOKMARK [3][-]{subsubsection.6.4.3.9}{\376\377\000C\000h\000e\000c\000k\000E\000v\000e\000n\000t}{subsection.6.4.3}
\BOOKMARK [3][-]{subsubsection.6.4.3.10}{\376\377\000S\000e\000t\000T\000e\000x\000t\000C\000h\000a\000n\000g\000e\000d\000C\000a\000l\000l\000b\000a\000c\000k}{subsection.6.4.3}
\BOOKMARK [3][-]{subsubsection.6.4.3.11}{\376\377\000S\000e\000t\000R\000e\000t\000u\000r\000n\000P\000r\000e\000s\000s\000e\000d\000C\000a\000l\000l\000b\000a\000c\000k}{subsection.6.4.3}
\BOOKMARK [3][-]{subsubsection.6.4.3.12}{\376\377\000S\000e\000t\000A\000c\000t\000i\000v\000a\000t\000e\000d\000C\000a\000l\000l\000b\000a\000c\000k}{subsection.6.4.3}
\BOOKMARK [3][-]{subsubsection.6.4.3.13}{\376\377\000S\000e\000t\000D\000e\000a\000c\000t\000i\000v\000a\000t\000e\000d\000C\000a\000l\000l\000b\000a\000c\000k}{subsection.6.4.3}
\BOOKMARK [3][-]{subsubsection.6.4.3.14}{\376\377\000S\000h\000o\000w}{subsection.6.4.3}
\BOOKMARK [2][-]{subsection.6.4.4}{\376\377\000M\000e\000m\000b\000e\000r\000\040\000D\000a\000t\000a\000\040\000D\000o\000c\000u\000m\000e\000n\000t\000a\000t\000i\000o\000n}{section.6.4}
\BOOKMARK [3][-]{subsubsection.6.4.4.1}{\376\377\000m\000\137\000s\000t\000d\000T\000e\000x\000t}{subsection.6.4.4}
\BOOKMARK [3][-]{subsubsection.6.4.4.2}{\376\377\000m\000\137\000n\000b\000C\000h\000a\000r\000T\000o\000S\000h\000o\000w}{subsection.6.4.4}
\BOOKMARK [3][-]{subsubsection.6.4.4.3}{\376\377\000m\000\137\000i\000t\000e\000m\000A\000c\000t\000i\000v\000e}{subsection.6.4.4}
\BOOKMARK [3][-]{subsubsection.6.4.4.4}{\376\377\000m\000\137\000t\000e\000x\000t\000C\000h\000a\000n\000g\000e\000d\000C\000a\000l\000l\000b\000a\000c\000k}{subsection.6.4.4}
\BOOKMARK [3][-]{subsubsection.6.4.4.5}{\376\377\000m\000\137\000d\000e\000a\000c\000t\000i\000v\000a\000t\000e\000d\000C\000a\000l\000l\000b\000a\000c\000k}{subsection.6.4.4}
\BOOKMARK [3][-]{subsubsection.6.4.4.6}{\376\377\000m\000\137\000a\000c\000t\000i\000v\000a\000t\000e\000d\000C\000a\000l\000l\000b\000a\000c\000k}{subsection.6.4.4}
\BOOKMARK [3][-]{subsubsection.6.4.4.7}{\376\377\000m\000\137\000r\000e\000t\000u\000r\000n\000P\000r\000e\000s\000s\000e\000d\000C\000a\000l\000l\000b\000a\000c\000k}{subsection.6.4.4}
\BOOKMARK [0][-]{chapter.7}{\376\377\000F\000i\000l\000e\000\040\000D\000o\000c\000u\000m\000e\000n\000t\000a\000t\000i\000o\000n}{}
\BOOKMARK [1][-]{section.7.1}{\376\377\000b\000u\000t\000t\000o\000n\000.\000c\000p\000p\000\040\000F\000i\000l\000e\000\040\000R\000e\000f\000e\000r\000e\000n\000c\000e}{chapter.7}
\BOOKMARK [1][-]{section.7.2}{\376\377\000b\000u\000t\000t\000o\000n\000.\000h\000p\000p\000\040\000F\000i\000l\000e\000\040\000R\000e\000f\000e\000r\000e\000n\000c\000e}{chapter.7}
\BOOKMARK [1][-]{section.7.3}{\376\377\000c\000o\000n\000s\000t\000a\000n\000t\000e\000s\000.\000h\000p\000p\000\040\000F\000i\000l\000e\000\040\000R\000e\000f\000e\000r\000e\000n\000c\000e}{chapter.7}
\BOOKMARK [2][-]{subsection.7.3.1}{\376\377\000D\000e\000t\000a\000i\000l\000e\000d\000\040\000D\000e\000s\000c\000r\000i\000p\000t\000i\000o\000n}{section.7.3}
\BOOKMARK [1][-]{section.7.4}{\376\377\000m\000a\000i\000n\000.\000c\000p\000p\000\040\000F\000i\000l\000e\000\040\000R\000e\000f\000e\000r\000e\000n\000c\000e}{chapter.7}
\BOOKMARK [2][-]{subsection.7.4.1}{\376\377\000F\000u\000n\000c\000t\000i\000o\000n\000\040\000D\000o\000c\000u\000m\000e\000n\000t\000a\000t\000i\000o\000n}{section.7.4}
\BOOKMARK [3][-]{subsubsection.7.4.1.1}{\376\377\000A\000p\000p}{subsection.7.4.1}
\BOOKMARK [3][-]{subsubsection.7.4.1.2}{\376\377\000c\000l\000i\000c\000k\000e\000d\000C\000a\000l\000l\000B\000a\000c\000k}{subsection.7.4.1}
\BOOKMARK [3][-]{subsubsection.7.4.1.3}{\376\377\000m\000a\000i\000n}{subsection.7.4.1}
\BOOKMARK [3][-]{subsubsection.7.4.1.4}{\376\377\000t\000e\000x\000t\000C\000h\000a\000n\000g\000e\000C\000a\000l\000l\000b\000a\000c\000k}{subsection.7.4.1}
\BOOKMARK [2][-]{subsection.7.4.2}{\376\377\000V\000a\000r\000i\000a\000b\000l\000e\000\040\000D\000o\000c\000u\000m\000e\000n\000t\000a\000t\000i\000o\000n}{section.7.4}
\BOOKMARK [3][-]{subsubsection.7.4.2.1}{\376\377\000A\000p\000p}{subsection.7.4.2}
\BOOKMARK [1][-]{section.7.5}{\376\377\000m\000a\000r\000g\000i\000n\000.\000c\000p\000p\000\040\000F\000i\000l\000e\000\040\000R\000e\000f\000e\000r\000e\000n\000c\000e}{chapter.7}
\BOOKMARK [1][-]{section.7.6}{\376\377\000m\000a\000r\000g\000i\000n\000.\000h\000p\000p\000\040\000F\000i\000l\000e\000\040\000R\000e\000f\000e\000r\000e\000n\000c\000e}{chapter.7}
\BOOKMARK [2][-]{subsection.7.6.1}{\376\377\000D\000e\000t\000a\000i\000l\000e\000d\000\040\000D\000e\000s\000c\000r\000i\000p\000t\000i\000o\000n}{section.7.6}
\BOOKMARK [1][-]{section.7.7}{\376\377\000o\000b\000j\000e\000c\000t\000.\000c\000p\000p\000\040\000F\000i\000l\000e\000\040\000R\000e\000f\000e\000r\000e\000n\000c\000e}{chapter.7}
\BOOKMARK [2][-]{subsection.7.7.1}{\376\377\000F\000u\000n\000c\000t\000i\000o\000n\000\040\000D\000o\000c\000u\000m\000e\000n\000t\000a\000t\000i\000o\000n}{section.7.7}
\BOOKMARK [3][-]{subsubsection.7.7.1.1}{\376\377\000S\000e\000t\000B\000a\000c\000k\000g\000r\000o\000u\000n\000d}{subsection.7.7.1}
\BOOKMARK [1][-]{section.7.8}{\376\377\000o\000b\000j\000e\000c\000t\000.\000h\000p\000p\000\040\000F\000i\000l\000e\000\040\000R\000e\000f\000e\000r\000e\000n\000c\000e}{chapter.7}
\BOOKMARK [1][-]{section.7.9}{\376\377\000t\000e\000x\000t\000e\000d\000i\000t\000.\000c\000p\000p\000\040\000F\000i\000l\000e\000\040\000R\000e\000f\000e\000r\000e\000n\000c\000e}{chapter.7}
\BOOKMARK [1][-]{section.7.10}{\376\377\000t\000e\000x\000t\000e\000d\000i\000t\000.\000h\000p\000p\000\040\000F\000i\000l\000e\000\040\000R\000e\000f\000e\000r\000e\000n\000c\000e}{chapter.7}
